INFO  05-10 11:46:56,709 [55, 56, 57] (UserController.java:85) 
DEBUG 05-10 14:21:04,897 ==>  Preparing: select u.id, user_name, password, gender, birthday, d.id AS dept_id, dept_name, description, address from user u left join department d on d.id = u.dept_id where u.id in ( ? , ? ) (BaseJdbcLogger.java:135) 
DEBUG 05-10 14:21:04,921 ==> Parameters: 1(Integer), 2(Integer) (BaseJdbcLogger.java:135) 
DEBUG 05-10 14:21:04,935 <==      Total: 2 (BaseJdbcLogger.java:135) 
DEBUG 05-10 14:30:02,205 ==>  Preparing: select u.id, user_name, gender, password, birthday, d.id AS dept_id, dept_name, description, address from department d left join user u on d.id = u.dept_id (BaseJdbcLogger.java:135) 
DEBUG 05-10 14:30:02,229 ==> Parameters:  (BaseJdbcLogger.java:135) 
DEBUG 05-10 14:30:02,252 <==      Total: 13 (BaseJdbcLogger.java:135) 
DEBUG 05-10 14:32:01,885 ==>  Preparing: select u.id, user_name, password, gender, birthday, d.id AS dept_id, dept_name, description, address from user u left join department d on d.id = u.dept_id (BaseJdbcLogger.java:135) 
DEBUG 05-10 14:32:01,909 ==> Parameters:  (BaseJdbcLogger.java:135) 
DEBUG 05-10 14:32:01,932 <==      Total: 12 (BaseJdbcLogger.java:135) 
DEBUG 05-10 14:39:15,943 ==>  Preparing: select u.id, user_name, gender, password, birthday, d.id AS dept_id, dept_name, description, address from department d left join user u on d.id = u.dept_id where d.id in ( ? , ? ) (BaseJdbcLogger.java:135) 
DEBUG 05-10 14:39:15,967 ==> Parameters: 1(Integer), 2(Integer) (BaseJdbcLogger.java:135) 
DEBUG 05-10 14:39:15,985 <==      Total: 8 (BaseJdbcLogger.java:135) 
DEBUG 05-16 21:10:49,658 ==>  Preparing: select * from user (BaseJdbcLogger.java:135) 
DEBUG 05-16 21:10:49,688 ==> Parameters:  (BaseJdbcLogger.java:135) 
DEBUG 05-16 21:10:49,723 <==      Total: 12 (BaseJdbcLogger.java:135) 
DEBUG 05-16 21:12:12,666 ==>  Preparing: select u.id, user_name, password, gender, birthday, d.id AS dept_id, dept_name, description, address from user u left join department d on d.id = u.dept_id where u.id in ( ? , ? ) (BaseJdbcLogger.java:135) 
DEBUG 05-16 21:12:12,700 ==> Parameters: 1(Integer), 2(Integer) (BaseJdbcLogger.java:135) 
DEBUG 05-16 21:12:12,730 <==      Total: 2 (BaseJdbcLogger.java:135) 
DEBUG 05-16 21:12:12,810 ==>  Preparing: select u.id, user_name, gender, password, birthday, d.id AS dept_id, dept_name, description, address from department d left join user u on d.id = u.dept_id where d.id=?; (BaseJdbcLogger.java:135) 
DEBUG 05-16 21:12:12,812 ==> Parameters: 2(Integer) (BaseJdbcLogger.java:135) 
DEBUG 05-16 21:12:12,820 <==      Total: 4 (BaseJdbcLogger.java:135) 
DEBUG 05-16 21:12:12,876 ==>  Preparing: select * from user (BaseJdbcLogger.java:135) 
DEBUG 05-16 21:12:12,876 ==> Parameters:  (BaseJdbcLogger.java:135) 
DEBUG 05-16 21:12:12,887 <==      Total: 12 (BaseJdbcLogger.java:135) 
DEBUG 05-16 21:12:12,930 ==>  Preparing: select u.id, user_name, password, gender, birthday, d.id AS dept_id, dept_name, description, address from user u left join department d on d.id = u.dept_id where u.id=? (BaseJdbcLogger.java:135) 
DEBUG 05-16 21:12:12,930 ==> Parameters: 2(Integer) (BaseJdbcLogger.java:135) 
DEBUG 05-16 21:12:12,932 <==      Total: 1 (BaseJdbcLogger.java:135) 
DEBUG 05-16 21:12:12,981 ==>  Preparing: select u.id, user_name, password, gender, birthday, d.id AS dept_id, dept_name, description, address from user u left join department d on d.id = u.dept_id (BaseJdbcLogger.java:135) 
DEBUG 05-16 21:12:12,982 ==> Parameters:  (BaseJdbcLogger.java:135) 
DEBUG 05-16 21:12:12,989 <==      Total: 12 (BaseJdbcLogger.java:135) 
DEBUG 05-16 21:12:13,028 ==>  Preparing: select u.id, user_name, gender, password, birthday, d.id AS dept_id, dept_name, description, address from department d left join user u on d.id = u.dept_id (BaseJdbcLogger.java:135) 
DEBUG 05-16 21:12:13,029 ==> Parameters:  (BaseJdbcLogger.java:135) 
DEBUG 05-16 21:12:13,036 <==      Total: 13 (BaseJdbcLogger.java:135) 
DEBUG 05-16 21:12:13,068 ==>  Preparing: select u.id, user_name, gender, password, birthday, d.id AS dept_id, dept_name, description, address from department d left join user u on d.id = u.dept_id where d.id in ( ? , ? ) (BaseJdbcLogger.java:135) 
DEBUG 05-16 21:12:13,069 ==> Parameters: 1(Integer), 2(Integer) (BaseJdbcLogger.java:135) 
DEBUG 05-16 21:12:13,071 <==      Total: 8 (BaseJdbcLogger.java:135) 
INFO  05-16 21:26:51,396 1 (UserController.java:96) 
INFO  05-16 21:26:55,249 [1, 2, 3] (UserController.java:102) 
INFO  05-16 21:27:05,971 5 (DeptController.java:95) 
INFO  05-16 21:27:10,175 [1, 2] (DeptController.java:101) 
INFO  05-17 08:04:37,658 [1, 2] (DeptController.java:101) 
INFO  05-17 08:06:58,804 1 (UserController.java:96) 
INFO  05-17 08:07:07,118 [1, 2, 3] (UserController.java:102) 
INFO  05-17 08:07:14,747 [1, 2, 3] (UserController.java:102) 
INFO  05-17 08:07:38,967 5 (DeptController.java:95) 
DEBUG 05-17 08:23:43,501 ==>  Preparing: select * from user (BaseJdbcLogger.java:135) 
DEBUG 05-17 08:23:43,544 ==> Parameters:  (BaseJdbcLogger.java:135) 
DEBUG 05-17 08:23:43,581 <==      Total: 12 (BaseJdbcLogger.java:135) 
DEBUG 05-17 08:24:38,529 ==>  Preparing: select u.id, user_name, password, gender, birthday, d.id AS dept_id, dept_name, description, address from user u left join department d on d.id = u.dept_id (BaseJdbcLogger.java:135) 
DEBUG 05-17 08:24:38,575 ==> Parameters:  (BaseJdbcLogger.java:135) 
DEBUG 05-17 08:24:38,618 <==      Total: 12 (BaseJdbcLogger.java:135) 
DEBUG 05-17 08:27:25,187 ==>  Preparing: select u.id, user_name, password, gender, birthday, d.id AS dept_id, dept_name, description, address from user u left join department d on d.id = u.dept_id where u.id in ( ? , ? ) (BaseJdbcLogger.java:135) 
DEBUG 05-17 08:27:25,232 ==> Parameters: 1(Integer), 2(Integer) (BaseJdbcLogger.java:135) 
DEBUG 05-17 08:27:25,263 <==      Total: 2 (BaseJdbcLogger.java:135) 
DEBUG 05-17 08:44:00,821 ==>  Preparing: select u.id, user_name, password, gender, birthday, d.id AS dept_id, dept_name, description, address from user u left join department d on d.id = u.dept_id where u.id in ( ? , ? ) (BaseJdbcLogger.java:135) 
DEBUG 05-17 08:44:00,862 ==> Parameters: 1(Integer), 2(Integer) (BaseJdbcLogger.java:135) 
DEBUG 05-17 08:44:00,889 <==      Total: 2 (BaseJdbcLogger.java:135) 
DEBUG 05-17 08:44:10,453 ==>  Preparing: select u.id, user_name, password, gender, birthday, d.id AS dept_id, dept_name, description, address from user u left join department d on d.id = u.dept_id where u.id in ( ? , ? ) (BaseJdbcLogger.java:135) 
DEBUG 05-17 08:44:10,503 ==> Parameters: 1(Integer), 2(Integer) (BaseJdbcLogger.java:135) 
DEBUG 05-17 08:44:10,530 <==      Total: 2 (BaseJdbcLogger.java:135) 
INFO  05-17 08:44:33,395 [1, 2, 3] (UserController.java:102) 
INFO  05-17 08:44:39,396 [1, 2] (DeptController.java:101) 
DEBUG 05-17 08:46:43,363 ==>  Preparing: select u.id, user_name, password, gender, birthday, d.id AS dept_id, dept_name, description, address from user u left join department d on d.id = u.dept_id (BaseJdbcLogger.java:135) 
DEBUG 05-17 08:46:43,405 ==> Parameters:  (BaseJdbcLogger.java:135) 
DEBUG 05-17 08:46:43,435 <==      Total: 12 (BaseJdbcLogger.java:135) 
INFO  05-17 08:53:37,841 [1, 2] (DeptController.java:101) 
DEBUG 05-17 09:11:22,744 ==>  Preparing: select u.id, user_name, password, gender, birthday, d.id AS dept_id, dept_name, description, address from user u left join department d on d.id = u.dept_id (BaseJdbcLogger.java:135) 
DEBUG 05-17 09:11:22,783 ==> Parameters:  (BaseJdbcLogger.java:135) 
DEBUG 05-17 09:11:22,814 <==      Total: 12 (BaseJdbcLogger.java:135) 
INFO  05-17 09:11:57,202 [1, 2] (DeptController.java:101) 
INFO  05-17 09:12:14,311 [1, 2, 3] (DeptController.java:101) 
INFO  05-17 09:12:55,535 [1, 2, 3] (DeptController.java:101) 
INFO  05-23 22:21:46,877 1 (UserController.java:96) 
INFO  05-23 22:21:54,101 [1, 2, 3] (UserController.java:102) 
INFO  05-23 22:22:01,845 1 (UserController.java:96) 
INFO  05-23 22:22:24,388 [1, 2, 3] (UserController.java:102) 
INFO  05-23 22:22:37,125 [1, 2] (UserController.java:102) 
INFO  05-23 22:23:11,556 2 (UserController.java:29) 
INFO  05-23 22:24:44,345 1 (UserController.java:96) 
DEBUG 05-23 22:25:09,896 ==>  Preparing: select * from user (BaseJdbcLogger.java:135) 
DEBUG 05-23 22:25:10,033 ==> Parameters:  (BaseJdbcLogger.java:135) 
DEBUG 05-23 22:25:10,110 <==      Total: 12 (BaseJdbcLogger.java:135) 
DEBUG 05-23 22:25:26,480 ==>  Preparing: select u.id, user_name, gender, password, birthday, d.id AS dept_id, dept_name, description, address from department d left join user u on d.id = u.dept_id where d.id in ( ? , ? ) (BaseJdbcLogger.java:135) 
DEBUG 05-23 22:25:26,525 ==> Parameters: 1(Integer), 2(Integer) (BaseJdbcLogger.java:135) 
DEBUG 05-23 22:25:26,562 <==      Total: 8 (BaseJdbcLogger.java:135) 
